0 info it worked if it ends with ok
1 verbose cli [ '/usr/local/bin/node',
1 verbose cli   '/usr/local/bin/npm',
1 verbose cli   'install',
1 verbose cli   'jasmine-phantom',
1 verbose cli   '--save' ]
2 info using npm@2.14.4
3 info using node@v4.1.1
4 verbose install initial load of /Users/Harry/Desktop/bowling-challenge/package.json
5 verbose installManyTop reading scoped package data from /Users/Harry/Desktop/bowling-challenge/node_modules/gulp/package.json
6 verbose installManyTop reading scoped package data from /Users/Harry/Desktop/bowling-challenge/node_modules/gulp-jasmine/package.json
7 verbose installManyTop reading scoped package data from /Users/Harry/Desktop/bowling-challenge/node_modules/phantomjs/package.json
8 verbose readDependencies loading dependencies from /Users/Harry/Desktop/bowling-challenge/package.json
9 silly cache add args [ 'jasmine-phantom', null ]
10 verbose cache add spec jasmine-phantom
11 silly cache add parsed spec Result {
11 silly cache add   raw: 'jasmine-phantom',
11 silly cache add   scope: null,
11 silly cache add   name: 'jasmine-phantom',
11 silly cache add   rawSpec: '',
11 silly cache add   spec: '*',
11 silly cache add   type: 'range' }
12 silly addNamed jasmine-phantom@*
13 verbose addNamed "*" is a valid semver range for jasmine-phantom
14 silly addNameRange { name: 'jasmine-phantom', range: '*', hasData: false }
15 silly mapToRegistry name jasmine-phantom
16 silly mapToRegistry using default registry
17 silly mapToRegistry registry https://registry.npmjs.org/
18 silly mapToRegistry uri https://registry.npmjs.org/jasmine-phantom
19 verbose addNameRange registry:https://registry.npmjs.org/jasmine-phantom not in flight; fetching
20 verbose request uri https://registry.npmjs.org/jasmine-phantom
21 verbose request no auth needed
22 info attempt registry request try #1 at 12:34:30 AM
23 verbose request id 10a23383f139b68a
24 http request GET https://registry.npmjs.org/jasmine-phantom
25 http 404 https://registry.npmjs.org/jasmine-phantom
26 verbose headers { 'content-type': 'application/json',
26 verbose headers   'cache-control': 'max-age=0',
26 verbose headers   'content-length': '2',
26 verbose headers   'accept-ranges': 'bytes',
26 verbose headers   date: 'Sun, 11 Oct 2015 23:34:31 GMT',
26 verbose headers   via: '1.1 varnish',
26 verbose headers   age: '0',
26 verbose headers   connection: 'keep-alive',
26 verbose headers   'x-served-by': 'cache-lhr6335-LHR',
26 verbose headers   'x-cache': 'MISS',
26 verbose headers   'x-cache-hits': '0',
26 verbose headers   'x-timer': 'S1444606471.126134,VS0,VE94' }
27 silly get cb [ 404,
27 silly get   { 'content-type': 'application/json',
27 silly get     'cache-control': 'max-age=0',
27 silly get     'content-length': '2',
27 silly get     'accept-ranges': 'bytes',
27 silly get     date: 'Sun, 11 Oct 2015 23:34:31 GMT',
27 silly get     via: '1.1 varnish',
27 silly get     age: '0',
27 silly get     connection: 'keep-alive',
27 silly get     'x-served-by': 'cache-lhr6335-LHR',
27 silly get     'x-cache': 'MISS',
27 silly get     'x-cache-hits': '0',
27 silly get     'x-timer': 'S1444606471.126134,VS0,VE94' } ]
28 verbose stack Error: Registry returned 404 for GET on https://registry.npmjs.org/jasmine-phantom
28 verbose stack     at makeError (/usr/local/lib/node_modules/npm/node_modules/npm-registry-client/lib/request.js:263:12)
28 verbose stack     at CachingRegistryClient.<anonymous> (/usr/local/lib/node_modules/npm/node_modules/npm-registry-client/lib/request.js:241:14)
28 verbose stack     at Request._callback (/usr/local/lib/node_modules/npm/node_modules/npm-registry-client/lib/request.js:171:14)
28 verbose stack     at Request.self.callback (/usr/local/lib/node_modules/npm/node_modules/request/request.js:198:22)
28 verbose stack     at emitTwo (events.js:87:13)
28 verbose stack     at Request.emit (events.js:172:7)
28 verbose stack     at Request.<anonymous> (/usr/local/lib/node_modules/npm/node_modules/request/request.js:1073:14)
28 verbose stack     at emitOne (events.js:82:20)
28 verbose stack     at Request.emit (events.js:169:7)
28 verbose stack     at IncomingMessage.<anonymous> (/usr/local/lib/node_modules/npm/node_modules/request/request.js:1019:12)
29 verbose statusCode 404
30 verbose pkgid jasmine-phantom
31 verbose cwd /Users/Harry/Desktop/bowling-challenge
32 error Darwin 14.5.0
33 error argv "/usr/local/bin/node" "/usr/local/bin/npm" "install" "jasmine-phantom" "--save"
34 error node v4.1.1
35 error npm  v2.14.4
36 error code E404
37 error 404 Registry returned 404 for GET on https://registry.npmjs.org/jasmine-phantom
37 error 404
37 error 404 'jasmine-phantom' is not in the npm registry.
37 error 404 You should bug the author to publish it (or use the name yourself!)
37 error 404 It was specified as a dependency of 'bowling-challenge'
37 error 404
37 error 404 Note that you can also install from a
37 error 404 tarball, folder, http url, or git url.
38 verbose exit [ 1, true ]
